2024-09-10 23:29:55.857 [info] (Client) Pylance async client (2024.9.1) started with python extension (2024.14.0)
2024-09-10 23:29:56.092 [info] [Info  - 11:29:55 PM] (2996) Server root directory: file:///home/ec2-user/.vscode-server/extensions/ms-python.vscode-pylance-2024.9.1/dist
2024-09-10 23:29:56.094 [info] [Info  - 11:29:56 PM] (2996) Pylance language server 2024.9.1 (pyright version 1.1.378, commit ce64adc1) starting
2024-09-10 23:29:56.094 [info] [Info  - 11:29:56 PM] (2996) Starting service instance "ec2-user"
2024-09-10 23:29:56.208 [info] [Info  - 11:29:56 PM] (2996) Setting environmentName for service "ec2-user": "3.9.16 (global)"
2024-09-10 23:29:56.209 [info] [Info  - 11:29:56 PM] (2996) Setting pythonPath for service "ec2-user": "/bin/python3"
2024-09-10 23:29:56.210 [info] [Info  - 11:29:56 PM] (2996) No include entries specified; assuming /home/ec2-user
2024-09-10 23:29:56.212 [info] [Info  - 11:29:56 PM] (2996) Auto-excluding **/node_modules
2024-09-10 23:29:56.212 [info] [Info  - 11:29:56 PM] (2996) Auto-excluding **/__pycache__
2024-09-10 23:29:56.213 [info] [Info  - 11:29:56 PM] (2996) Auto-excluding **/.*
2024-09-10 23:29:56.325 [info] [Info  - 11:29:56 PM] (2996) Assuming Python version 3.9.16.final.0
2024-09-10 23:29:56.514 [info] [Info  - 11:29:56 PM] (2996) Found 1 source file
2024-09-10 23:29:58.151 [info] [Info  - 11:29:58 PM] (2996) Background analysis(1) root directory: file:///home/ec2-user/.vscode-server/extensions/ms-python.vscode-pylance-2024.9.1/dist
2024-09-10 23:29:58.155 [info] [Info  - 11:29:58 PM] (2996) Background analysis(1) started
2024-09-10 23:29:59.027 [info] [Info  - 11:29:59 PM] (2996) Indexer background runner(2) root directory: file:///home/ec2-user/.vscode-server/extensions/ms-python.vscode-pylance-2024.9.1/dist (index)
2024-09-10 23:29:59.028 [info] [Info  - 11:29:59 PM] (2996) Indexing(2) started
2024-09-10 23:30:02.069 [info] [Info  - 11:30:02 PM] (2996) [IDX(2)] Long operation: scan packages file:///home/ec2-user (2623ms)
2024-09-10 23:30:02.072 [info] [Info  - 11:30:02 PM] (2996) scanned(2) 83 files over 1 exec env
2024-09-10 23:30:02.248 [info] [Info  - 11:30:02 PM] (2996) [BG(1)] Long operation: checking: file:///home/ec2-user/server.py (2731ms)
2024-09-10 23:30:02.252 [info] [Info  - 11:30:02 PM] (2996) [BG(1)] Long operation: analyzing: file:///home/ec2-user/server.py (3731ms)
2024-09-10 23:30:03.081 [info] [Info  - 11:30:03 PM] (2996) indexed(2) 60 files over 1 exec env
2024-09-10 23:30:03.251 [info] [Info  - 11:30:03 PM] (2996) Indexing finished(2).
