2024-09-10 20:07:57.319 [info] Extension host with pid 2515 started
2024-09-10 20:07:57.319 [error] Error: EEXIST: file already exists, open '/home/ec2-user/.vscode-server/data/User/workspaceStorage/ed3de90bf58e38784b01cac092fb25b6/vscode.lock'
2024-09-10 20:07:57.326 [info] Lock '/home/ec2-user/.vscode-server/data/User/workspaceStorage/ed3de90bf58e38784b01cac092fb25b6/vscode.lock': Could not acquire lock, checking if the file is stale.
2024-09-10 20:07:57.340 [info] Lock '/home/ec2-user/.vscode-server/data/User/workspaceStorage/ed3de90bf58e38784b01cac092fb25b6/vscode.lock': The pid 2506 appears to be gone.
2024-09-10 20:07:57.340 [info] Lock '/home/ec2-user/.vscode-server/data/User/workspaceStorage/ed3de90bf58e38784b01cac092fb25b6/vscode.lock': Deleting a stale lock.
2024-09-10 20:07:57.344 [info] Lock '/home/ec2-user/.vscode-server/data/User/workspaceStorage/ed3de90bf58e38784b01cac092fb25b6/vscode.lock': Lock acquired.
2024-09-10 20:07:57.500 [info] ExtensionService#_doActivateExtension ms-vscode.live-server, startup: false, activationEvent: 'onWebviewPanel:browserPreview'
2024-09-10 20:07:57.501 [info] ExtensionService#_doActivateExtension vscode.emmet, startup: false, activationEvent: 'onLanguage'
2024-09-10 20:07:57.501 [info] ExtensionService#_doActivateExtension vscode.html-language-features, startup: false, activationEvent: 'onLanguage:html'
2024-09-10 20:07:57.507 [info] ExtensionService#_doActivateExtension vscode.git-base, startup: false, activationEvent: '*', root cause: vscode.git
2024-09-10 20:07:57.920 [info] ExtensionService#_doActivateExtension vscode.tunnel-forwarding, startup: false, activationEvent: 'onTunnel'
2024-09-10 20:07:58.174 [info] ExtensionService#_doActivateExtension vscode.git, startup: false, activationEvent: '*'
2024-09-10 20:07:58.174 [info] ExtensionService#_doActivateExtension vscode.github, startup: false, activationEvent: '*'
2024-09-10 20:07:58.957 [info] Eager extensions activated
2024-09-10 20:07:58.957 [info] ExtensionService#_doActivateExtension vscode.debug-auto-launch, startup: false, activationEvent: 'onStartupFinished'
2024-09-10 20:07:58.961 [info] ExtensionService#_doActivateExtension vscode.merge-conflict, startup: false, activationEvent: 'onStartupFinished'
2024-09-10 20:09:13.454 [info] ExtensionService#_doActivateExtension ms-python.python, startup: false, activationEvent: 'onLanguage:python', root cause: ms-python.debugpy
2024-09-10 20:09:14.134 [info] ExtensionService#_doActivateExtension ms-python.debugpy, startup: false, activationEvent: 'onLanguage:python'
2024-09-10 20:09:14.134 [info] ExtensionService#_doActivateExtension ms-python.vscode-pylance, startup: false, activationEvent: 'onLanguage:python'
2024-09-10 20:12:50.321 [info] ExtensionService#_doActivateExtension vscode.typescript-language-features, startup: false, activationEvent: 'onLanguage:javascript'
2024-09-10 20:12:50.935 [info] ExtensionService#_doActivateExtension vscode.css-language-features, startup: false, activationEvent: 'onLanguage:css'
