2024-09-10 20:09:15.698 [info] [Info  - 8:09:15 PM] (2716) Server root directory: file:///home/ec2-user/.vscode-server/extensions/ms-python.vscode-pylance-2024.9.1/dist
2024-09-10 20:09:15.699 [info] [Info  - 8:09:15 PM] (2716) Pylance language server 2024.9.1 (pyright version 1.1.378, commit ce64adc1) starting
2024-09-10 20:09:15.699 [info] [Info  - 8:09:15 PM] (2716) Starting service instance "ec2-user"
2024-09-10 20:09:15.767 [info] [Info  - 8:09:15 PM] (2716) Setting environmentName for service "ec2-user": "3.9.16 (global)"
2024-09-10 20:09:15.775 [info] [Info  - 8:09:15 PM] (2716) Setting pythonPath for service "ec2-user": "/bin/python3"
2024-09-10 20:09:15.777 [info] [Info  - 8:09:15 PM] (2716) No include entries specified; assuming /home/ec2-user
2024-09-10 20:09:15.779 [info] [Info  - 8:09:15 PM] (2716) Auto-excluding **/node_modules
2024-09-10 20:09:15.788 [info] [Info  - 8:09:15 PM] (2716) Auto-excluding **/__pycache__
2024-09-10 20:09:15.788 [info] [Info  - 8:09:15 PM] (2716) Auto-excluding **/.*
2024-09-10 20:09:15.807 [info] (Client) Pylance async client (2024.9.1) started with python extension (2024.14.0)
2024-09-10 20:09:15.855 [info] [Info  - 8:09:15 PM] (2716) Assuming Python version 3.9.16.final.0
2024-09-10 20:09:16.042 [info] [Info  - 8:09:16 PM] (2716) Found 1 source file
2024-09-10 20:09:17.459 [info] [Info  - 8:09:17 PM] (2716) Background analysis(1) root directory: file:///home/ec2-user/.vscode-server/extensions/ms-python.vscode-pylance-2024.9.1/dist
2024-09-10 20:09:17.476 [info] [Info  - 8:09:17 PM] (2716) Background analysis(1) started
2024-09-10 20:09:18.350 [info] [Info  - 8:09:18 PM] (2716) Indexer background runner(2) root directory: file:///home/ec2-user/.vscode-server/extensions/ms-python.vscode-pylance-2024.9.1/dist (index)
2024-09-10 20:09:18.352 [info] [Info  - 8:09:18 PM] (2716) Indexing(2) started
2024-09-10 20:09:20.771 [info] [Info  - 8:09:20 PM] (2716) [IDX(2)] Long operation: scan packages file:///home/ec2-user (2085ms)
2024-09-10 20:09:20.771 [info] [Info  - 8:09:20 PM] (2716) scanned(2) 83 files over 1 exec env
2024-09-10 20:09:21.084 [info] [Info  - 8:09:21 PM] (2716) [BG(1)] Long operation: checking: file:///home/ec2-user/server.py (2425ms)
2024-09-10 20:09:21.085 [info] [Info  - 8:09:21 PM] (2716) [BG(1)] Long operation: analyzing: file:///home/ec2-user/server.py (3284ms)
2024-09-10 20:09:22.683 [info] [Info  - 8:09:22 PM] (2716) indexed(2) 60 files over 1 exec env
2024-09-10 20:09:22.739 [info] [Info  - 8:09:22 PM] (2716) Indexing finished(2).
