2024-09-10 23:29:49.945 [info] Extension host with pid 2814 started
2024-09-10 23:29:49.946 [error] Error: EEXIST: file already exists, open '/home/ec2-user/.vscode-server/data/User/workspaceStorage/ed3de90bf58e38784b01cac092fb25b6/vscode.lock'
2024-09-10 23:29:49.952 [info] Lock '/home/ec2-user/.vscode-server/data/User/workspaceStorage/ed3de90bf58e38784b01cac092fb25b6/vscode.lock': Could not acquire lock, checking if the file is stale.
2024-09-10 23:29:49.975 [info] Lock '/home/ec2-user/.vscode-server/data/User/workspaceStorage/ed3de90bf58e38784b01cac092fb25b6/vscode.lock': The pid 2515 appears to be gone.
2024-09-10 23:29:49.975 [info] Lock '/home/ec2-user/.vscode-server/data/User/workspaceStorage/ed3de90bf58e38784b01cac092fb25b6/vscode.lock': Deleting a stale lock.
2024-09-10 23:29:49.987 [info] Lock '/home/ec2-user/.vscode-server/data/User/workspaceStorage/ed3de90bf58e38784b01cac092fb25b6/vscode.lock': Lock acquired.
2024-09-10 23:29:50.102 [info] ExtensionService#_doActivateExtension vscode.emmet, startup: false, activationEvent: 'onLanguage'
2024-09-10 23:29:50.103 [info] ExtensionService#_doActivateExtension ms-python.python, startup: false, activationEvent: 'onLanguage:python', root cause: ms-python.debugpy
2024-09-10 23:29:50.104 [info] ExtensionService#_doActivateExtension vscode.git-base, startup: false, activationEvent: '*', root cause: vscode.git
2024-09-10 23:29:51.255 [info] ExtensionService#_doActivateExtension vscode.tunnel-forwarding, startup: false, activationEvent: 'onTunnel'
2024-09-10 23:29:52.275 [info] ExtensionService#_doActivateExtension vscode.git, startup: false, activationEvent: '*'
2024-09-10 23:29:52.281 [info] ExtensionService#_doActivateExtension vscode.github, startup: false, activationEvent: '*'
2024-09-10 23:29:53.076 [info] Eager extensions activated
2024-09-10 23:29:53.076 [info] ExtensionService#_doActivateExtension vscode.debug-auto-launch, startup: false, activationEvent: 'onStartupFinished'
2024-09-10 23:29:53.076 [info] ExtensionService#_doActivateExtension vscode.merge-conflict, startup: false, activationEvent: 'onStartupFinished'
2024-09-10 23:29:53.296 [info] ExtensionService#_doActivateExtension ms-python.debugpy, startup: false, activationEvent: 'onLanguage:python'
2024-09-10 23:29:53.296 [info] ExtensionService#_doActivateExtension ms-python.vscode-pylance, startup: false, activationEvent: 'onLanguage:python'
2024-09-10 23:30:05.777 [info] ExtensionService#_doActivateExtension vscode.html-language-features, startup: false, activationEvent: 'onLanguage:html'
2024-09-10 23:53:31.836 [info] ExtensionService#_doActivateExtension vscode.css-language-features, startup: false, activationEvent: 'onLanguage:css'
2024-09-11 00:25:08.697 [info] ExtensionService#_doActivateExtension vscode.npm, startup: false, activationEvent: 'onTerminalQuickFixRequest:ms-vscode.npm-command'
2024-09-11 00:25:14.868 [info] ExtensionService#_doActivateExtension vscode.configuration-editing, startup: false, activationEvent: 'onLanguage:json'
2024-09-11 00:25:14.868 [info] ExtensionService#_doActivateExtension vscode.extension-editing, startup: false, activationEvent: 'onLanguage:json'
2024-09-11 00:25:14.869 [info] ExtensionService#_doActivateExtension vscode.json-language-features, startup: false, activationEvent: 'onLanguage:json'
