2024-09-10 19:42:50.564 [info] Extension host with pid 2506 started
2024-09-10 19:42:50.564 [error] Error: EEXIST: file already exists, open '/home/ec2-user/.vscode-server/data/User/workspaceStorage/ed3de90bf58e38784b01cac092fb25b6/vscode.lock'
2024-09-10 19:42:50.602 [info] Lock '/home/ec2-user/.vscode-server/data/User/workspaceStorage/ed3de90bf58e38784b01cac092fb25b6/vscode.lock': Could not acquire lock, checking if the file is stale.
2024-09-10 19:42:50.647 [info] Lock '/home/ec2-user/.vscode-server/data/User/workspaceStorage/ed3de90bf58e38784b01cac092fb25b6/vscode.lock': The lock looks stale, waiting for 2s.
2024-09-10 19:42:50.748 [info] ExtensionService#_doActivateExtension vscode.emmet, startup: false, activationEvent: 'onLanguage'
2024-09-10 19:42:50.750 [info] ExtensionService#_doActivateExtension ms-vscode.live-server, startup: false, activationEvent: 'onWebviewPanel:browserPreview'
2024-09-10 19:42:50.750 [info] ExtensionService#_doActivateExtension ms-python.python, startup: false, activationEvent: 'onLanguage:python', root cause: ms-python.debugpy
2024-09-10 19:42:50.750 [info] ExtensionService#_doActivateExtension vscode.git-base, startup: false, activationEvent: '*', root cause: vscode.git
2024-09-10 19:42:50.751 [info] ExtensionService#_doActivateExtension vscode.tunnel-forwarding, startup: false, activationEvent: 'onTunnel'
2024-09-10 19:42:52.648 [info] Lock '/home/ec2-user/.vscode-server/data/User/workspaceStorage/ed3de90bf58e38784b01cac092fb25b6/vscode.lock': The lock looks stale even after waiting for 2s.
2024-09-10 19:42:52.648 [info] Lock '/home/ec2-user/.vscode-server/data/User/workspaceStorage/ed3de90bf58e38784b01cac092fb25b6/vscode.lock': Deleting a stale lock.
2024-09-10 19:42:52.652 [info] Lock '/home/ec2-user/.vscode-server/data/User/workspaceStorage/ed3de90bf58e38784b01cac092fb25b6/vscode.lock': Lock acquired.
2024-09-10 19:42:53.111 [info] ExtensionService#_doActivateExtension vscode.git, startup: false, activationEvent: '*'
2024-09-10 19:42:53.114 [info] ExtensionService#_doActivateExtension vscode.github, startup: false, activationEvent: '*'
2024-09-10 19:42:53.701 [info] Eager extensions activated
2024-09-10 19:42:53.702 [info] ExtensionService#_doActivateExtension vscode.debug-auto-launch, startup: false, activationEvent: 'onStartupFinished'
2024-09-10 19:42:53.702 [info] ExtensionService#_doActivateExtension vscode.merge-conflict, startup: false, activationEvent: 'onStartupFinished'
2024-09-10 19:42:54.135 [info] ExtensionService#_doActivateExtension ms-python.debugpy, startup: false, activationEvent: 'onLanguage:python'
2024-09-10 19:42:54.135 [info] ExtensionService#_doActivateExtension ms-python.vscode-pylance, startup: false, activationEvent: 'onLanguage:python'
2024-09-10 19:45:17.662 [info] ExtensionService#_doActivateExtension vscode.npm, startup: false, activationEvent: 'onTerminalQuickFixRequest:ms-vscode.npm-command'
2024-09-10 19:45:23.503 [info] ExtensionService#_doActivateExtension vscode.configuration-editing, startup: false, activationEvent: 'onLanguage:json'
2024-09-10 19:45:23.503 [info] ExtensionService#_doActivateExtension vscode.extension-editing, startup: false, activationEvent: 'onLanguage:json'
2024-09-10 19:45:23.504 [info] ExtensionService#_doActivateExtension vscode.json-language-features, startup: false, activationEvent: 'onLanguage:json'
2024-09-10 20:01:58.612 [info] ExtensionService#_doActivateExtension vscode.typescript-language-features, startup: false, activationEvent: 'onLanguage:javascript'
