2024-09-10 19:42:58.585 [info] [Info  - 7:42:58 PM] (2742) Server root directory: file:///home/ec2-user/.vscode-server/extensions/ms-python.vscode-pylance-2024.9.1/dist
2024-09-10 19:42:58.593 [info] [Info  - 7:42:58 PM] (2742) Pylance language server 2024.9.1 (pyright version 1.1.378, commit ce64adc1) starting
2024-09-10 19:42:58.594 [info] [Info  - 7:42:58 PM] (2742) Starting service instance "ec2-user"
2024-09-10 19:42:58.698 [info] [Info  - 7:42:58 PM] (2742) Setting environmentName for service "ec2-user": "3.9.16 (global)"
2024-09-10 19:42:58.705 [info] [Info  - 7:42:58 PM] (2742) Setting pythonPath for service "ec2-user": "/bin/python3"
2024-09-10 19:42:58.706 [info] [Info  - 7:42:58 PM] (2742) No include entries specified; assuming /home/ec2-user
2024-09-10 19:42:58.708 [info] [Info  - 7:42:58 PM] (2742) Auto-excluding **/node_modules
2024-09-10 19:42:58.712 [info] [Info  - 7:42:58 PM] (2742) Auto-excluding **/__pycache__
2024-09-10 19:42:58.713 [info] [Info  - 7:42:58 PM] (2742) Auto-excluding **/.*
2024-09-10 19:42:58.747 [info] (Client) Pylance async client (2024.9.1) started with python extension (2024.14.0)
2024-09-10 19:42:58.827 [info] [Info  - 7:42:58 PM] (2742) Assuming Python version 3.9.16.final.0
2024-09-10 19:42:58.991 [info] [Info  - 7:42:58 PM] (2742) Found 1 source file
2024-09-10 19:43:00.572 [info] [Info  - 7:43:00 PM] (2742) Background analysis(1) root directory: file:///home/ec2-user/.vscode-server/extensions/ms-python.vscode-pylance-2024.9.1/dist
2024-09-10 19:43:00.577 [info] [Info  - 7:43:00 PM] (2742) Background analysis(1) started
2024-09-10 19:43:01.490 [info] [Info  - 7:43:01 PM] (2742) Indexer background runner(2) root directory: file:///home/ec2-user/.vscode-server/extensions/ms-python.vscode-pylance-2024.9.1/dist (index)
2024-09-10 19:43:01.496 [info] [Info  - 7:43:01 PM] (2742) Indexing(2) started
2024-09-10 19:43:02.976 [info] [Info  - 7:43:02 PM] (2742) [BG(1)] Long operation: analyzing: file:///home/ec2-user/server.py (2042ms)
2024-09-10 19:43:03.837 [info] [Info  - 7:43:03 PM] (2742) scanned(2) 57 files over 1 exec env
2024-09-10 19:43:06.953 [info] [Info  - 7:43:06 PM] (2742) [IDX(2)] Long operation: index execution environment file:///home/ec2-user (2413ms)
2024-09-10 19:43:06.991 [info] [Info  - 7:43:06 PM] (2742) [IDX(2)] Long operation: index packages file:///home/ec2-user (2463ms)
2024-09-10 19:43:06.991 [info] [Info  - 7:43:06 PM] (2742) indexed(2) 33 files over 1 exec env
2024-09-10 19:43:07.043 [info] [Info  - 7:43:07 PM] (2742) Indexing finished(2).
2024-09-10 19:46:04.069 [info] [Info  - 7:46:04 PM] (2742) Indexer background runner(3) root directory: file:///home/ec2-user/.vscode-server/extensions/ms-python.vscode-pylance-2024.9.1/dist (refresh)
2024-09-10 19:46:04.073 [info] [Info  - 7:46:04 PM] (2742) Indexing(3) started
2024-09-10 19:46:05.433 [info] [Info  - 7:46:05 PM] (2742) scanned(3) 58 files over 1 exec env
2024-09-10 19:46:06.144 [info] [Info  - 7:46:06 PM] (2742) indexed(3) 34 files over 1 exec env
2024-09-10 19:46:06.186 [info] [Info  - 7:46:06 PM] (2742) Indexing finished(3).
2024-09-10 19:52:39.952 [info] [Info  - 7:52:39 PM] (2742) Starting service instance "<default>"
2024-09-10 19:52:40.012 [info] [Info  - 7:52:40 PM] (2742) Setting environmentName for service "<default>": "3.9.16 (global)"
2024-09-10 19:52:40.013 [info] [Info  - 7:52:40 PM] (2742) Setting pythonPath for service "<default>": "/bin/python3"
2024-09-10 19:52:40.013 [info] [Info  - 7:52:40 PM] (2742) No include entries specified; assuming /<default workspace root>
2024-09-10 19:52:40.014 [info] [Info  - 7:52:40 PM] (2742) Auto-excluding **/node_modules
2024-09-10 19:52:40.017 [info] [Info  - 7:52:40 PM] (2742) Auto-excluding **/__pycache__
2024-09-10 19:52:40.018 [info] [Info  - 7:52:40 PM] (2742) Auto-excluding **/.*
2024-09-10 19:52:40.139 [info] [Info  - 7:52:40 PM] (2742) Assuming Python version 3.9.16.final.0
2024-09-10 19:52:40.248 [info] [Error - 7:52:40 PM] (2742) File or directory "/<default workspace root>" does not exist.
2024-09-10 19:52:40.252 [info] [Info  - 7:52:40 PM] (2742) No source files found.
2024-09-10 19:52:40.818 [info] [Info  - 7:52:40 PM] (2742) Background analysis(4) root directory: file:///home/ec2-user/.vscode-server/extensions/ms-python.vscode-pylance-2024.9.1/dist
2024-09-10 19:52:40.823 [info] [Info  - 7:52:40 PM] (2742) Background analysis(4) started
