2024-09-10 19:42:55.523 [info] Experiment 'pythonaacf' is active
2024-09-10 19:42:55.523 [info] Experiment 'pythonRecommendTensorboardExt' is active
2024-09-10 19:42:55.523 [info] Experiment 'pythonTerminalEnvVarActivation' is active
2024-09-10 19:42:55.523 [info] Experiment 'pythonTestAdapter' is active
2024-09-10 19:42:55.523 [warning] Dir "/home/ec2-user/.pixi/envs" is not watchable (directory does not exist)
2024-09-10 19:42:55.523 [info] Default formatter is set to null for workspace /home/ec2-user
2024-09-10 19:42:55.523 [info] Starting Environment refresh
2024-09-10 19:42:55.523 [info] Searching for interpreters in posix paths locator
2024-09-10 19:42:55.523 [info] Searching for pyenv environments
2024-09-10 19:42:55.523 [info] Searching for conda environments
2024-09-10 19:42:55.523 [info] Searching for global virtual environments
2024-09-10 19:42:55.523 [info] Searching for custom virtual environments
2024-09-10 19:42:55.523 [info] pyenv is not installed
2024-09-10 19:42:55.523 [info] Finished searching for pyenv environments: 1060 milliseconds
2024-09-10 19:42:55.523 [info] Finished searching for custom virtual envs: 1055 milliseconds
2024-09-10 19:42:55.523 [info] > conda info --json
2024-09-10 19:42:55.523 [info] > pixi --version
2024-09-10 19:42:55.523 [info] > hatch env show --json
2024-09-10 19:42:55.523 [info] cwd: .
2024-09-10 19:42:55.523 [info] Finished searching for global virtual envs: 1121 milliseconds
2024-09-10 19:42:55.523 [info] Found: /bin/python3 --> /bin/python3.9
2024-09-10 19:42:55.527 [info] Found: /bin/python3.9 --> /bin/python3.9
2024-09-10 19:42:55.624 [info] Found: /usr/bin/python3 --> /usr/bin/python3.9
2024-09-10 19:42:55.639 [info] Found: /usr/bin/python3.9 --> /usr/bin/python3.9
2024-09-10 19:42:55.671 [info] > C:\Users\danie\AppData\Local\Microsoft\WindowsApps\python3.11.exe -I ./.vscode-server/extensions/ms-python.python-2024.14.0-linux-x64/python_files/get_output_via_markers.py ./.vscode-server/extensions/ms-python.python-2024.14.0-linux-x64/python_files/interpreterInfo.py
2024-09-10 19:42:55.681 [error] [Error: Command failed: C:\Users\danie\AppData\Local\Microsoft\WindowsApps\python3.11.exe -I /home/ec2-user/.vscode-server/extensions/ms-python.python-2024.14.0-linux-x64/python_files/get_output_via_markers.py /home/ec2-user/.vscode-server/extensions/ms-python.python-2024.14.0-linux-x64/python_files/interpreterInfo.py
/bin/sh: line 1: C:UsersdanieAppDataLocalMicrosoftWindowsAppspython3.11.exe: command not found

	at genericNodeError (node:internal/errors:984:15)
	at wrappedFn (node:internal/errors:538:14)
	at ChildProcess.exithandler (node:child_process:422:12)
	at ChildProcess.emit (node:events:531:35)
	at maybeClose (node:internal/child_process:1105:16)
	at Socket.<anonymous> (node:internal/child_process:457:11)
	at Socket.emit (node:events:519:28)
	at Pipe.<anonymous> (node:net:338:12)] {
  code: 127,
  killed: false,
  signal: null,
  cmd: 'C:\\Users\\danie\\AppData\\Local\\Microsoft\\WindowsApps\\python3.11.exe -I /home/ec2-user/.vscode-server/extensions/ms-python.python-2024.14.0-linux-x64/python_files/get_output_via_markers.py /home/ec2-user/.vscode-server/extensions/ms-python.python-2024.14.0-linux-x64/python_files/interpreterInfo.py'
}
2024-09-10 19:42:55.714 [info] Finished searching for interpreters in posix paths locator: 1605 milliseconds
2024-09-10 19:42:55.714 [info] > /bin/python3 -I ./.vscode-server/extensions/ms-python.python-2024.14.0-linux-x64/python_files/get_output_via_markers.py ./.vscode-server/extensions/ms-python.python-2024.14.0-linux-x64/python_files/interpreterInfo.py
2024-09-10 19:42:55.792 [info] > /usr/bin/python3 -I ./.vscode-server/extensions/ms-python.python-2024.14.0-linux-x64/python_files/get_output_via_markers.py ./.vscode-server/extensions/ms-python.python-2024.14.0-linux-x64/python_files/interpreterInfo.py
2024-09-10 19:42:55.792 [info] Environments refresh paths discovered (event): 1689 milliseconds
2024-09-10 19:42:55.792 [info] Environments refresh paths discovered: 1689 milliseconds
2024-09-10 19:42:57.684 [info] > C:\Users\danie\AppData\Local\Microsoft\WindowsApps\python3.11.exe -I ./.vscode-server/extensions/ms-python.python-2024.14.0-linux-x64/python_files/get_output_via_markers.py ./.vscode-server/extensions/ms-python.python-2024.14.0-linux-x64/python_files/interpreterInfo.py
2024-09-10 19:42:57.687 [error] [Error: Command failed: C:\Users\danie\AppData\Local\Microsoft\WindowsApps\python3.11.exe -I /home/ec2-user/.vscode-server/extensions/ms-python.python-2024.14.0-linux-x64/python_files/get_output_via_markers.py /home/ec2-user/.vscode-server/extensions/ms-python.python-2024.14.0-linux-x64/python_files/interpreterInfo.py
/bin/sh: line 1: C:UsersdanieAppDataLocalMicrosoftWindowsAppspython3.11.exe: command not found

	at genericNodeError (node:internal/errors:984:15)
	at wrappedFn (node:internal/errors:538:14)
	at ChildProcess.exithandler (node:child_process:422:12)
	at ChildProcess.emit (node:events:531:35)
	at maybeClose (node:internal/child_process:1105:16)
	at ChildProcess._handle.onexit (node:internal/child_process:305:5)] {
  code: 127,
  killed: false,
  signal: null,
  cmd: 'C:\\Users\\danie\\AppData\\Local\\Microsoft\\WindowsApps\\python3.11.exe -I /home/ec2-user/.vscode-server/extensions/ms-python.python-2024.14.0-linux-x64/python_files/get_output_via_markers.py /home/ec2-user/.vscode-server/extensions/ms-python.python-2024.14.0-linux-x64/python_files/interpreterInfo.py'
}
2024-09-10 19:42:57.687 [info] Environments refresh finished (event): 3584 milliseconds
2024-09-10 19:42:57.691 [info] Environment refresh took 3589 milliseconds
2024-09-10 19:42:57.696 [info] > pyenv which python
2024-09-10 19:42:57.696 [info] cwd: .
2024-09-10 19:42:57.724 [warning] could not find a pixi interpreter for the interpreter at /bin/python3
2024-09-10 19:42:57.731 [info] Python interpreter path: /bin/python3
2024-09-10 19:42:57.835 [warning] could not find a pixi interpreter for the interpreter at /bin/python3
2024-09-10 19:42:58.748 [info] Starting Pylance language server.
2024-09-10 19:44:35.630 [info] Discover tests for workspace name: ec2-user - uri: /home/ec2-user/server.py
2024-09-10 19:44:39.151 [info] Discover tests for workspace name: ec2-user - uri: /home/ec2-user/server.py
2024-09-10 19:44:45.839 [info] Discover tests for workspace name: ec2-user - uri: /home/ec2-user/server.py
2024-09-10 19:44:49.181 [info] Discover tests for workspace name: ec2-user - uri: /home/ec2-user/server.py
2024-09-10 19:47:36.971 [info] Discover tests for workspace name: ec2-user - uri: /home/ec2-user/server.py
2024-09-10 19:47:39.337 [info] Discover tests for workspace name: ec2-user - uri: /home/ec2-user/server.py
2024-09-10 19:47:41.881 [info] Discover tests for workspace name: ec2-user - uri: /home/ec2-user/server.py
2024-09-10 19:47:59.515 [info] Discover tests for workspace name: ec2-user - uri: /home/ec2-user/server.py
2024-09-10 19:48:02.651 [info] Discover tests for workspace name: ec2-user - uri: /home/ec2-user/server.py
2024-09-10 19:48:13.255 [info] Discover tests for workspace name: ec2-user - uri: /home/ec2-user/server.py
2024-09-10 19:48:15.594 [info] Discover tests for workspace name: ec2-user - uri: /home/ec2-user/server.py
2024-09-10 19:48:18.146 [info] Discover tests for workspace name: ec2-user - uri: /home/ec2-user/server.py
2024-09-10 19:48:21.787 [info] Discover tests for workspace name: ec2-user - uri: /home/ec2-user/server.py
2024-09-10 19:48:54.603 [info] Discover tests for workspace name: ec2-user - uri: /home/ec2-user/server.py
2024-09-10 19:48:58.822 [info] Discover tests for workspace name: ec2-user - uri: /home/ec2-user/server.py
2024-09-10 19:49:25.072 [info] Discover tests for workspace name: ec2-user - uri: /home/ec2-user/server.py
2024-09-10 19:49:27.039 [info] Discover tests for workspace name: ec2-user - uri: /home/ec2-user/server.py
2024-09-10 19:49:28.264 [info] Discover tests for workspace name: ec2-user - uri: /home/ec2-user/server.py
2024-09-10 19:49:30.939 [info] Discover tests for workspace name: ec2-user - uri: /home/ec2-user/server.py
2024-09-10 19:49:36.902 [info] Discover tests for workspace name: ec2-user - uri: /home/ec2-user/server.py
2024-09-10 19:49:39.535 [info] Discover tests for workspace name: ec2-user - uri: /home/ec2-user/server.py
2024-09-10 19:49:43.140 [info] Discover tests for workspace name: ec2-user - uri: /home/ec2-user/server.py
2024-09-10 19:49:47.082 [info] Discover tests for workspace name: ec2-user - uri: /home/ec2-user/server.py
2024-09-10 19:52:00.702 [info] Discover tests for workspace name: ec2-user - uri: /home/ec2-user/server.py
2024-09-10 19:52:02.357 [info] Discover tests for workspace name: ec2-user - uri: /home/ec2-user/server.py
2024-09-10 19:52:06.224 [info] Discover tests for workspace name: ec2-user - uri: /home/ec2-user/server.py
2024-09-10 19:52:09.336 [info] Discover tests for workspace name: ec2-user - uri: /home/ec2-user/server.py
2024-09-10 19:52:11.479 [info] Discover tests for workspace name: ec2-user - uri: /home/ec2-user/server.py
2024-09-10 19:52:14.512 [info] Discover tests for workspace name: ec2-user - uri: /home/ec2-user/server.py
2024-09-10 19:52:22.858 [info] Discover tests for workspace name: ec2-user - uri: /home/ec2-user/server.py
2024-09-10 19:52:33.953 [info] Discover tests for workspace name: ec2-user - uri: /home/ec2-user/server.py
2024-09-10 19:52:36.477 [info] Discover tests for workspace name: ec2-user - uri: /home/ec2-user/server.py
2024-09-10 19:52:37.749 [info] Discover tests for workspace name: ec2-user - uri: /home/ec2-user/server.py
2024-09-10 19:52:41.627 [info] Discover tests for workspace name: ec2-user - uri: /home/ec2-user/server.py
2024-09-10 19:52:47.574 [info] Discover tests for workspace name: ec2-user - uri: /home/ec2-user/server.py
2024-09-10 19:53:11.346 [info] Discover tests for workspace name: ec2-user - uri: /home/ec2-user/server.py
2024-09-10 19:53:44.380 [info] Discover tests for workspace name: ec2-user - uri: /home/ec2-user/server.py
2024-09-10 19:53:47.502 [info] Discover tests for workspace name: ec2-user - uri: /home/ec2-user/server.py
2024-09-10 19:53:50.549 [info] Discover tests for workspace name: ec2-user - uri: /home/ec2-user/server.py
2024-09-10 19:53:54.021 [info] Discover tests for workspace name: ec2-user - uri: /home/ec2-user/server.py
2024-09-10 19:54:06.010 [info] Discover tests for workspace name: ec2-user - uri: /home/ec2-user/server.py
2024-09-10 19:54:08.482 [info] Discover tests for workspace name: ec2-user - uri: /home/ec2-user/server.py
2024-09-10 19:54:11.247 [info] Discover tests for workspace name: ec2-user - uri: /home/ec2-user/server.py
2024-09-10 19:54:14.355 [info] Discover tests for workspace name: ec2-user - uri: /home/ec2-user/server.py
2024-09-10 19:54:28.488 [info] Discover tests for workspace name: ec2-user - uri: /home/ec2-user/server.py
2024-09-10 19:55:23.732 [info] Discover tests for workspace name: ec2-user - uri: /home/ec2-user/server.py
2024-09-10 19:55:30.852 [info] Discover tests for workspace name: ec2-user - uri: /home/ec2-user/server.py
2024-09-10 19:55:33.385 [info] Discover tests for workspace name: ec2-user - uri: /home/ec2-user/server.py
2024-09-10 19:55:40.455 [info] Discover tests for workspace name: ec2-user - uri: /home/ec2-user/server.py
2024-09-10 19:56:08.051 [info] Discover tests for workspace name: ec2-user - uri: /home/ec2-user/server.py
2024-09-10 19:56:14.461 [info] Discover tests for workspace name: ec2-user - uri: /home/ec2-user/server.py
2024-09-10 19:56:16.508 [info] Discover tests for workspace name: ec2-user - uri: /home/ec2-user/server.py
2024-09-10 19:56:44.008 [info] Discover tests for workspace name: ec2-user - uri: /home/ec2-user/server.py
2024-09-10 19:56:47.795 [info] Discover tests for workspace name: ec2-user - uri: /home/ec2-user/server.py
