2024-09-10 13:10:22.404 [info] Extension host with pid 2528 started
2024-09-10 13:10:22.404 [error] Error: EEXIST: file already exists, open '/home/ec2-user/.vscode-server/data/User/workspaceStorage/ed3de90bf58e38784b01cac092fb25b6/vscode.lock'
2024-09-10 13:10:22.447 [info] Lock '/home/ec2-user/.vscode-server/data/User/workspaceStorage/ed3de90bf58e38784b01cac092fb25b6/vscode.lock': Could not acquire lock, checking if the file is stale.
2024-09-10 13:10:22.462 [info] Lock '/home/ec2-user/.vscode-server/data/User/workspaceStorage/ed3de90bf58e38784b01cac092fb25b6/vscode.lock': The pid 2940 appears to be gone.
2024-09-10 13:10:22.462 [info] Lock '/home/ec2-user/.vscode-server/data/User/workspaceStorage/ed3de90bf58e38784b01cac092fb25b6/vscode.lock': Deleting a stale lock.
2024-09-10 13:10:22.466 [info] Lock '/home/ec2-user/.vscode-server/data/User/workspaceStorage/ed3de90bf58e38784b01cac092fb25b6/vscode.lock': Lock acquired.
2024-09-10 13:10:22.625 [info] ExtensionService#_doActivateExtension vscode.git-base, startup: false, activationEvent: '*', root cause: vscode.git
2024-09-10 13:10:22.742 [info] ExtensionService#_doActivateExtension vscode.git, startup: false, activationEvent: '*'
2024-09-10 13:10:22.742 [info] ExtensionService#_doActivateExtension vscode.github, startup: false, activationEvent: '*'
2024-09-10 13:10:23.167 [info] Eager extensions activated
2024-09-10 13:10:23.168 [info] ExtensionService#_doActivateExtension vscode.debug-auto-launch, startup: false, activationEvent: 'onStartupFinished'
2024-09-10 13:10:23.169 [info] ExtensionService#_doActivateExtension vscode.merge-conflict, startup: false, activationEvent: 'onStartupFinished'
2024-09-10 13:19:57.736 [info] ExtensionService#_doActivateExtension vscode.html-language-features, startup: false, activationEvent: 'onLanguage:html'
2024-09-10 13:19:57.737 [info] ExtensionService#_doActivateExtension vscode.emmet, startup: false, activationEvent: 'onLanguage'
2024-09-10 13:23:42.284 [info] ExtensionService#_doActivateExtension ms-vscode.live-server, startup: false, activationEvent: 'onCommand:livePreview.start.preview.atFile'
2024-09-10 13:27:01.213 [info] ExtensionService#_doActivateExtension vscode.css-language-features, startup: false, activationEvent: 'onLanguage:css'
2024-09-10 13:32:17.694 [info] ExtensionService#_doActivateExtension vscode.typescript-language-features, startup: false, activationEvent: 'onLanguage:javascript'
2024-09-10 13:45:43.226 [info] ExtensionService#_doActivateExtension ms-python.python, startup: false, activationEvent: 'onLanguage:python', root cause: ms-python.debugpy
2024-09-10 13:45:44.254 [info] ExtensionService#_doActivateExtension ms-python.debugpy, startup: false, activationEvent: 'onLanguage:python'
2024-09-10 13:45:44.255 [info] ExtensionService#_doActivateExtension ms-python.vscode-pylance, startup: false, activationEvent: 'onLanguage:python'
2024-09-10 13:49:48.079 [error] Error: write ECONNRESET
	at WriteWrap.onWriteComplete [as oncomplete] (node:internal/stream_base_commons:95:16)
